<?xml version="1.0" encoding="UTF-8"?>
<testsuite xmlns:xsi="http://www.w3.org/2001/XMLSchema-instance" xsi:noNamespaceSchemaLocation="https://maven.apache.org/surefire/maven-surefire-plugin/xsd/surefire-test-report.xsd" name="monprojet.dao.CountryRepositoryTest" time="12.168" tests="4" errors="2" skipped="0" failures="0">
  <properties>
[...]
</properties>
  <testcase name="populationParPaysTest" classname="monprojet.dao.CountryRepositoryTest" time="0.543">
    <error message="could not prepare statement; SQL [SELECT SUM(POPULATION) FROM COUNTRY INNER JOIN CITY c ON c.COUNTRY = COUNTRY.id WHERE COUNTRY.id = ?]; nested exception is org.hibernate.exception.SQLGrammarException: could not prepare statement" type="org.springframework.dao.InvalidDataAccessResourceUsageException">org.springframework.dao.InvalidDataAccessResourceUsageException: could not prepare statement; SQL [SELECT SUM(POPULATION) FROM COUNTRY INNER JOIN CITY c ON c.COUNTRY = COUNTRY.id WHERE COUNTRY.id = ?]; nested exception is org.hibernate.exception.SQLGrammarException: could not prepare statement
	at monprojet.dao.CountryRepositoryTest.populationParPaysTest(CountryRepositoryTest.java:50)
Caused by: org.hibernate.exception.SQLGrammarException: could not prepare statement
	at monprojet.dao.CountryRepositoryTest.populationParPaysTest(CountryRepositoryTest.java:50)
Caused by: org.h2.jdbc.JdbcSQLSyntaxErrorException: 
Colonne "C.COUNTRY" non trouvée
Column "C.COUNTRY" not found; SQL statement:
SELECT SUM(POPULATION) FROM COUNTRY INNER JOIN CITY c ON c.COUNTRY = COUNTRY.id WHERE COUNTRY.id = ? [42122-200]
	at monprojet.dao.CountryRepositoryTest.populationParPaysTest(CountryRepositoryTest.java:50)
</error>
    <system-out><![CDATA[17:58:57.584 [main] DEBUG org.springframework.test.context.BootstrapUtils - Instantiating CacheAwareContextLoaderDelegate from class [org.springframework.test.context.cache.DefaultCacheAwareContextLoaderDelegate]
17:58:57.625 [main] DEBUG org.springframework.test.context.BootstrapUtils - Instantiating BootstrapContext using constructor [public org.springframework.test.context.support.DefaultBootstrapContext(java.lang.Class,org.springframework.test.context.CacheAwareContextLoaderDelegate)]
17:58:57.755 [main] DEBUG org.springframework.test.context.BootstrapUtils - Instantiating TestContextBootstrapper for test class [monprojet.dao.CountryRepositoryTest] from class [org.springframework.boot.test.autoconfigure.orm.jpa.DataJpaTestContextBootstrapper]
17:58:57.807 [main] INFO org.springframework.boot.test.autoconfigure.orm.jpa.DataJpaTestContextBootstrapper - Neither @ContextConfiguration nor @ContextHierarchy found for test class [monprojet.dao.CountryRepositoryTest], using SpringBootContextLoader
17:58:57.814 [main] DEBUG org.springframework.test.context.support.AbstractContextLoader - Did not detect default resource location for test class [monprojet.dao.CountryRepositoryTest]: class path resource [monprojet/dao/CountryRepositoryTest-context.xml] does not exist
17:58:57.815 [main] DEBUG org.springframework.test.context.support.AbstractContextLoader - Did not detect default resource location for test class [monprojet.dao.CountryRepositoryTest]: class path resource [monprojet/dao/CountryRepositoryTestContext.groovy] does not exist
17:58:57.815 [main] INFO org.springframework.test.context.support.AbstractContextLoader - Could not detect default resource locations for test class [monprojet.dao.CountryRepositoryTest]: no resource found for suffixes {-context.xml, Context.groovy}.
17:58:57.816 [main] INFO org.springframework.test.context.support.AnnotationConfigContextLoaderUtils - Could not detect default configuration classes for test class [monprojet.dao.CountryRepositoryTest]: CountryRepositoryTest does not declare any static, non-private, non-final, nested classes annotated with @Configuration.
17:58:58.006 [main] DEBUG org.springframework.test.context.support.ActiveProfilesUtils - Could not find an 'annotation declaring class' for annotation type [org.springframework.test.context.ActiveProfiles] and class [monprojet.dao.CountryRepositoryTest]
17:58:58.191 [main] DEBUG org.springframework.context.annotation.ClassPathScanningCandidateComponentProvider - Identified candidate component class: file [D:\isis\TECHNOLOGIE_WEB\tweb_Bastide\TP1_JPA\Ikhlass\cours-spring-jpa\target\classes\monprojet\WebApp.class]
17:58:58.194 [main] INFO org.springframework.boot.test.context.SpringBootTestContextBootstrapper - Found @SpringBootConfiguration monprojet.WebApp for test class monprojet.dao.CountryRepositoryTest
17:58:58.214 [main] DEBUG org.springframework.boot.test.autoconfigure.orm.jpa.DataJpaTestContextBootstrapper - @TestExecutionListeners is not present for class [monprojet.dao.CountryRepositoryTest]: using defaults.
17:58:58.215 [main] INFO org.springframework.boot.test.autoconfigure.orm.jpa.DataJpaTestContextBootstrapper - Loaded default TestExecutionListener class names from location [META-INF/spring.factories]: [org.springframework.boot.test.mock.mockito.MockitoTestExecutionListener, org.springframework.boot.test.mock.mockito.ResetMocksTestExecutionListener, org.springframework.boot.test.autoconfigure.restdocs.RestDocsTestExecutionListener, org.springframework.boot.test.autoconfigure.web.client.MockRestServiceServerResetTestExecutionListener, org.springframework.boot.test.autoconfigure.web.servlet.MockMvcPrintOnlyOnFailureTestExecutionListener, org.springframework.boot.test.autoconfigure.web.servlet.WebDriverTestExecutionListener, org.springframework.boot.test.autoconfigure.webservices.client.MockWebServiceServerTestExecutionListener, org.springframework.test.context.web.ServletTestExecutionListener, org.springframework.test.context.support.DirtiesContextBeforeModesTestExecutionListener, org.springframework.test.context.event.ApplicationEventsTestExecutionListener, org.springframework.test.context.support.DependencyInjectionTestExecutionListener, org.springframework.test.context.support.DirtiesContextTestExecutionListener, org.springframework.test.context.transaction.TransactionalTestExecutionListener, org.springframework.test.context.jdbc.SqlScriptsTestExecutionListener, org.springframework.test.context.event.EventPublishingTestExecutionListener]
17:58:58.286 [main] INFO org.springframework.boot.test.autoconfigure.orm.jpa.DataJpaTestContextBootstrapper - Using TestExecutionListeners: [org.springframework.test.context.web.ServletTestExecutionListener@5d99c6b5, org.springframework.test.context.support.DirtiesContextBeforeModesTestExecutionListener@266374ef, org.springframework.test.context.event.ApplicationEventsTestExecutionListener@13b3d178, org.springframework.boot.test.mock.mockito.MockitoTestExecutionListener@24c4ddae, org.springframework.boot.test.autoconfigure.SpringBootDependencyInjectionTestExecutionListener@37fb0bed, org.springframework.test.context.support.DirtiesContextTestExecutionListener@a82c5f1, org.springframework.test.context.transaction.TransactionalTestExecutionListener@7b7fdc8, org.springframework.test.context.jdbc.SqlScriptsTestExecutionListener@51c693d, org.springframework.test.context.event.EventPublishingTestExecutionListener@6a57ae10, org.springframework.boot.test.mock.mockito.ResetMocksTestExecutionListener@766653e6, org.springframework.boot.test.autoconfigure.restdocs.RestDocsTestExecutionListener@4e07b95f, org.springframework.boot.test.autoconfigure.web.client.MockRestServiceServerResetTestExecutionListener@28b46423, org.springframework.boot.test.autoconfigure.web.servlet.MockMvcPrintOnlyOnFailureTestExecutionListener@7fc4780b, org.springframework.boot.test.autoconfigure.web.servlet.WebDriverTestExecutionListener@3b79fd76, org.springframework.boot.test.autoconfigure.webservices.client.MockWebServiceServerTestExecutionListener@48c76607]
17:58:58.295 [main] DEBUG org.springframework.test.context.support.AbstractDirtiesContextTestExecutionListener - Before test class: context [DefaultTestContext@1e4d3ce5 testClass = CountryRepositoryTest, testInstance = [null], testMethod = [null], testException = [null], mergedContextConfiguration = [MergedContextConfiguration@3ddc6915 testClass = CountryRepositoryTest, locations = '{}', classes = '{class monprojet.WebApp}', contextInitializerClasses = '[]', activeProfiles = '{}', propertySourceLocations = '{}', propertySourceProperties = '{org.springframework.boot.test.autoconfigure.orm.jpa.DataJpaTestContextBootstrapper=true}', contextCustomizers = set[[ImportsContextCustomizer@704deff2 key = [org.springframework.boot.autoconfigure.cache.CacheAutoConfiguration, org.springframework.boot.autoconfigure.data.jpa.JpaRepositoriesAutoConfiguration, org.springframework.boot.autoconfigure.flyway.FlywayAutoConfiguration, org.springframework.boot.autoconfigure.jdbc.DataSourceAutoConfiguration, org.springframework.boot.autoconfigure.jdbc.DataSourceTransactionManagerAutoConfiguration, org.springframework.boot.autoconfigure.jdbc.JdbcTemplateAutoConfiguration, org.springframework.boot.autoconfigure.liquibase.LiquibaseAutoConfiguration, org.springframework.boot.autoconfigure.orm.jpa.HibernateJpaAutoConfiguration, org.springframework.boot.autoconfigure.sql.init.SqlInitializationAutoConfiguration, org.springframework.boot.autoconfigure.transaction.TransactionAutoConfiguration, org.springframework.boot.test.autoconfigure.jdbc.TestDatabaseAutoConfiguration, org.springframework.boot.test.autoconfigure.orm.jpa.TestEntityManagerAutoConfiguration]], org.springframework.boot.test.context.filter.ExcludeFilterContextCustomizer@1349883, org.springframework.boot.test.json.DuplicateJsonObjectContextCustomizerFactory$DuplicateJsonObjectContextCustomizer@28261e8e, org.springframework.boot.test.mock.mockito.MockitoContextCustomizer@0, org.springframework.boot.test.autoconfigure.OverrideAutoConfigurationContextCustomizerFactory$DisableAutoConfigurationContextCustomizer@5032714f, org.springframework.boot.test.autoconfigure.actuate.metrics.MetricsExportContextCustomizerFactory$DisableMetricExportContextCustomizer@402c4085, org.springframework.boot.test.autoconfigure.filter.TypeExcludeFiltersContextCustomizer@351584c0, org.springframework.boot.test.autoconfigure.properties.PropertyMappingContextCustomizer@e2716b7b, org.springframework.boot.test.autoconfigure.web.servlet.WebDriverContextCustomizerFactory$Customizer@533bda92, org.springframework.boot.test.context.SpringBootTestArgs@1, org.springframework.boot.test.context.SpringBootTestWebEnvironment@0], contextLoader = 'org.springframework.boot.test.context.SpringBootContextLoader', parent = [null]], attributes = map[[empty]]], class annotated with @DirtiesContext [false] with mode [null].
17:58:58.459 [main] DEBUG org.springframework.test.context.support.DependencyInjectionTestExecutionListener - Performing dependency injection for test context [[DefaultTestContext@1e4d3ce5 testClass = CountryRepositoryTest, testInstance = monprojet.dao.CountryRepositoryTest@31add175, testMethod = [null], testException = [null], mergedContextConfiguration = [MergedContextConfiguration@3ddc6915 testClass = CountryRepositoryTest, locations = '{}', classes = '{class monprojet.WebApp}', contextInitializerClasses = '[]', activeProfiles = '{}', propertySourceLocations = '{}', propertySourceProperties = '{org.springframework.boot.test.autoconfigure.orm.jpa.DataJpaTestContextBootstrapper=true}', contextCustomizers = set[[ImportsContextCustomizer@704deff2 key = [org.springframework.boot.autoconfigure.cache.CacheAutoConfiguration, org.springframework.boot.autoconfigure.data.jpa.JpaRepositoriesAutoConfiguration, org.springframework.boot.autoconfigure.flyway.FlywayAutoConfiguration, org.springframework.boot.autoconfigure.jdbc.DataSourceAutoConfiguration, org.springframework.boot.autoconfigure.jdbc.DataSourceTransactionManagerAutoConfiguration, org.springframework.boot.autoconfigure.jdbc.JdbcTemplateAutoConfiguration, org.springframework.boot.autoconfigure.liquibase.LiquibaseAutoConfiguration, org.springframework.boot.autoconfigure.orm.jpa.HibernateJpaAutoConfiguration, org.springframework.boot.autoconfigure.sql.init.SqlInitializationAutoConfiguration, org.springframework.boot.autoconfigure.transaction.TransactionAutoConfiguration, org.springframework.boot.test.autoconfigure.jdbc.TestDatabaseAutoConfiguration, org.springframework.boot.test.autoconfigure.orm.jpa.TestEntityManagerAutoConfiguration]], org.springframework.boot.test.context.filter.ExcludeFilterContextCustomizer@1349883, org.springframework.boot.test.json.DuplicateJsonObjectContextCustomizerFactory$DuplicateJsonObjectContextCustomizer@28261e8e, org.springframework.boot.test.mock.mockito.MockitoContextCustomizer@0, org.springframework.boot.test.autoconfigure.OverrideAutoConfigurationContextCustomizerFactory$DisableAutoConfigurationContextCustomizer@5032714f, org.springframework.boot.test.autoconfigure.actuate.metrics.MetricsExportContextCustomizerFactory$DisableMetricExportContextCustomizer@402c4085, org.springframework.boot.test.autoconfigure.filter.TypeExcludeFiltersContextCustomizer@351584c0, org.springframework.boot.test.autoconfigure.properties.PropertyMappingContextCustomizer@e2716b7b, org.springframework.boot.test.autoconfigure.web.servlet.WebDriverContextCustomizerFactory$Customizer@533bda92, org.springframework.boot.test.context.SpringBootTestArgs@1, org.springframework.boot.test.context.SpringBootTestWebEnvironment@0], contextLoader = 'org.springframework.boot.test.context.SpringBootContextLoader', parent = [null]], attributes = map['org.springframework.test.context.event.ApplicationEventsTestExecutionListener.recordApplicationEvents' -> false]]].
17:58:58.592 [main] DEBUG org.springframework.boot.ApplicationEnvironment - Activating profiles []
17:58:58.674 [main] DEBUG org.springframework.test.context.support.TestPropertySourceUtils - Adding inlined properties to environment: {spring.jmx.enabled=false, org.springframework.boot.test.autoconfigure.orm.jpa.DataJpaTestContextBootstrapper=true}

  .   ____          _            __ _ _
 /\\ / ___'_ __ _ _(_)_ __  __ _ \ \ \ \
( ( )\___ | '_ | '_| | '_ \/ _` | \ \ \ \
 \\/  ___)| |_)| | | | | || (_| |  ) ) ) )
  '  |____| .__|_| |_|_| |_\__, | / / / /
 =========|_|==============|___/=/_/_/_/
 :: Spring Boot ::                (v2.6.2)

INFO   m.d.CountryRepositoryTest - Starting CountryRepositoryTest using Java 17.0.2 on LAPTOP-0PS7EJDA with PID 16836 (started by hikhl in D:\isis\TECHNOLOGIE_WEB\tweb_Bastide\TP1_JPA\Ikhlass\cours-spring-jpa) 
INFO   m.d.CountryRepositoryTest - No active profile set, falling back to default profiles: default 
INFO   o.h.j.i.u.LogHelper - HHH000204: Processing PersistenceUnitInfo [name: default] 
INFO   o.h.Version - HHH000412: Hibernate ORM core version 5.6.3.Final 
INFO   o.h.a.c.Version - HCANN000001: Hibernate Commons Annotations {5.1.2.Final} 
INFO   o.h.d.Dialect - HHH000400: Using dialect: org.hibernate.dialect.H2Dialect 
DEBUG  o.hibernate.SQL - 
    
    drop table if exists city CASCADE  
Hibernate: 
    
    drop table if exists city CASCADE 
DEBUG  o.hibernate.SQL - 
    
    drop table if exists country CASCADE  
Hibernate: 
    
    drop table if exists country CASCADE 
DEBUG  o.hibernate.SQL - 
    
    create table city (
       id integer generated by default as identity,
        name varchar(255),
        population integer not null,
        country_id integer not null,
        primary key (id)
    ) 
Hibernate: 
    
    create table city (
       id integer generated by default as identity,
        name varchar(255),
        population integer not null,
        country_id integer not null,
        primary key (id)
    )
DEBUG  o.hibernate.SQL - 
    
    create table country (
       id integer generated by default as identity,
        code varchar(255),
        name varchar(255),
        primary key (id)
    ) 
Hibernate: 
    
    create table country (
       id integer generated by default as identity,
        code varchar(255),
        name varchar(255),
        primary key (id)
    )
DEBUG  o.hibernate.SQL - 
    
    alter table country 
       add constraint UK_5s4ptnuqtd24d4p9au2rv53qm unique (code) 
Hibernate: 
    
    alter table country 
       add constraint UK_5s4ptnuqtd24d4p9au2rv53qm unique (code)
DEBUG  o.hibernate.SQL - 
    
    alter table country 
       add constraint UK_llidyp77h6xkeokpbmoy710d4 unique (name) 
Hibernate: 
    
    alter table country 
       add constraint UK_llidyp77h6xkeokpbmoy710d4 unique (name)
DEBUG  o.hibernate.SQL - 
    
    alter table city 
       add constraint FKrpd7j1p7yxr784adkx4pyepba 
       foreign key (country_id) 
       references country 
Hibernate: 
    
    alter table city 
       add constraint FKrpd7j1p7yxr784adkx4pyepba 
       foreign key (country_id) 
       references country
INFO   o.h.e.t.j.p.i.JtaPlatformInitiator - HHH000490: Using JtaPlatform implementation: [org.hibernate.engine.transaction.jta.platform.internal.NoJtaPlatform] 
INFO   m.d.CountryRepositoryTest - Started CountryRepositoryTest in 8.724 seconds (JVM running for 11.479) 
DEBUG  o.hibernate.SQL - 
    SELECT
        SUM(POPULATION) 
    FROM
        COUNTRY 
    INNER JOIN
        CITY c 
            ON c.COUNTRY = COUNTRY.id 
    WHERE
        COUNTRY.id = ? 
Hibernate: 
    SELECT
        SUM(POPULATION) 
    FROM
        COUNTRY 
    INNER JOIN
        CITY c 
            ON c.COUNTRY = COUNTRY.id 
    WHERE
        COUNTRY.id = ?
WARN   o.h.e.j.s.SqlExceptionHelper - SQL Error: 42122, SQLState: 42S22 
ERROR  o.h.e.j.s.SqlExceptionHelper - Colonne "C.COUNTRY" non trouvée
Column "C.COUNTRY" not found; SQL statement:
SELECT SUM(POPULATION) FROM COUNTRY INNER JOIN CITY c ON c.COUNTRY = COUNTRY.id WHERE COUNTRY.id = ? [42122-200] 
]]></system-out>
  </testcase>
  <testcase name="lesNomsDePaysSontTousDifferents" classname="monprojet.dao.CountryRepositoryTest" time="0.404"/>
  <testcase name="ListNomPopulationParPaysTest" classname="monprojet.dao.CountryRepositoryTest" time="0.312">
    <error message="could not prepare statement; SQL [SELECT COUNTRY2.name, (SELECT SUM(CITY.population)FROM COUNTRY COUNTRY1 INNER JOIN CITY ON CITY.country = COUNTRY1.idWHERE COUNTRY1.id = COUNTRY2.id)FROM COUNTRY COUNTRY2ORDER BY COUNTRY2.name]; nested exception is org.hibernate.exception.SQLGrammarException: could not prepare statement" type="org.springframework.dao.InvalidDataAccessResourceUsageException">org.springframework.dao.InvalidDataAccessResourceUsageException: could not prepare statement; SQL [SELECT COUNTRY2.name, (SELECT SUM(CITY.population)FROM COUNTRY COUNTRY1 INNER JOIN CITY ON CITY.country = COUNTRY1.idWHERE COUNTRY1.id = COUNTRY2.id)FROM COUNTRY COUNTRY2ORDER BY COUNTRY2.name]; nested exception is org.hibernate.exception.SQLGrammarException: could not prepare statement
	at monprojet.dao.CountryRepositoryTest.ListNomPopulationParPaysTest(CountryRepositoryTest.java:55)
Caused by: org.hibernate.exception.SQLGrammarException: could not prepare statement
	at monprojet.dao.CountryRepositoryTest.ListNomPopulationParPaysTest(CountryRepositoryTest.java:55)
Caused by: org.h2.jdbc.JdbcSQLSyntaxErrorException: 
Erreur de syntaxe dans l'instruction SQL "SELECT COUNTRY2.NAME, (SELECT SUM(CITY.POPULATION)FROM COUNTRY COUNTRY1 INNER JOIN CITY ON CITY.COUNTRY = COUNTRY1.IDWHERE COUNTRY1[*].ID = COUNTRY2.ID)FROM COUNTRY COUNTRY2ORDER BY COUNTRY2.NAME"; attendu "(, ., [, ::, AT, FORMAT, *, /, %, +, -, ||, ~, !~, NOT, LIKE, ILIKE, REGEXP, IS, IN, BETWEEN, AND, OR, RIGHT, LEFT, INNER, JOIN, CROSS, NATURAL, ,, WHERE, GROUP, HAVING, WINDOW, QUALIFY, UNION, EXCEPT, MINUS, INTERSECT, ORDER, OFFSET, FETCH, LIMIT, SAMPLE_SIZE, FOR, [, ::, AT, FORMAT, *, /, %, +, -, ||, ~, !~, NOT, LIKE, ILIKE, REGEXP, IS, IN, BETWEEN, AND, OR, ,, )"
Syntax error in SQL statement "SELECT COUNTRY2.NAME, (SELECT SUM(CITY.POPULATION)FROM COUNTRY COUNTRY1 INNER JOIN CITY ON CITY.COUNTRY = COUNTRY1.IDWHERE COUNTRY1[*].ID = COUNTRY2.ID)FROM COUNTRY COUNTRY2ORDER BY COUNTRY2.NAME"; expected "(, ., [, ::, AT, FORMAT, *, /, %, +, -, ||, ~, !~, NOT, LIKE, ILIKE, REGEXP, IS, IN, BETWEEN, AND, OR, RIGHT, LEFT, INNER, JOIN, CROSS, NATURAL, ,, WHERE, GROUP, HAVING, WINDOW, QUALIFY, UNION, EXCEPT, MINUS, INTERSECT, ORDER, OFFSET, FETCH, LIMIT, SAMPLE_SIZE, FOR, [, ::, AT, FORMAT, *, /, %, +, -, ||, ~, !~, NOT, LIKE, ILIKE, REGEXP, IS, IN, BETWEEN, AND, OR, ,, )"; SQL statement:
SELECT COUNTRY2.name, (SELECT SUM(CITY.population)FROM COUNTRY COUNTRY1 INNER JOIN CITY ON CITY.country = COUNTRY1.idWHERE COUNTRY1.id = COUNTRY2.id)FROM COUNTRY COUNTRY2ORDER BY COUNTRY2.name [42001-200]
	at monprojet.dao.CountryRepositoryTest.ListNomPopulationParPaysTest(CountryRepositoryTest.java:55)
</error>
    <system-out><![CDATA[DEBUG  o.hibernate.SQL - 
    SELECT
        COUNTRY2.name,
        (SELECT
            SUM(CITY.population)
        FROM
            COUNTRY COUNTRY1 
        INNER JOIN
            CITY 
                ON CITY.country = COUNTRY1.idWHERE COUNTRY1.id = COUNTRY2.id)
    FROM
        COUNTRY COUNTRY2ORDER 
    BY
        COUNTRY2.name 
Hibernate: 
    SELECT
        COUNTRY2.name,
        (SELECT
            SUM(CITY.population)
        FROM
            COUNTRY COUNTRY1 
        INNER JOIN
            CITY 
                ON CITY.country = COUNTRY1.idWHERE COUNTRY1.id = COUNTRY2.id)
    FROM
        COUNTRY COUNTRY2ORDER 
    BY
        COUNTRY2.name
WARN   o.h.e.j.s.SqlExceptionHelper - SQL Error: 42001, SQLState: 42001 
ERROR  o.h.e.j.s.SqlExceptionHelper - Erreur de syntaxe dans l'instruction SQL "SELECT COUNTRY2.NAME, (SELECT SUM(CITY.POPULATION)FROM COUNTRY COUNTRY1 INNER JOIN CITY ON CITY.COUNTRY = COUNTRY1.IDWHERE COUNTRY1[*].ID = COUNTRY2.ID)FROM COUNTRY COUNTRY2ORDER BY COUNTRY2.NAME"; attendu "(, ., [, ::, AT, FORMAT, *, /, %, +, -, ||, ~, !~, NOT, LIKE, ILIKE, REGEXP, IS, IN, BETWEEN, AND, OR, RIGHT, LEFT, INNER, JOIN, CROSS, NATURAL, ,, WHERE, GROUP, HAVING, WINDOW, QUALIFY, UNION, EXCEPT, MINUS, INTERSECT, ORDER, OFFSET, FETCH, LIMIT, SAMPLE_SIZE, FOR, [, ::, AT, FORMAT, *, /, %, +, -, ||, ~, !~, NOT, LIKE, ILIKE, REGEXP, IS, IN, BETWEEN, AND, OR, ,, )"
Syntax error in SQL statement "SELECT COUNTRY2.NAME, (SELECT SUM(CITY.POPULATION)FROM COUNTRY COUNTRY1 INNER JOIN CITY ON CITY.COUNTRY = COUNTRY1.IDWHERE COUNTRY1[*].ID = COUNTRY2.ID)FROM COUNTRY COUNTRY2ORDER BY COUNTRY2.NAME"; expected "(, ., [, ::, AT, FORMAT, *, /, %, +, -, ||, ~, !~, NOT, LIKE, ILIKE, REGEXP, IS, IN, BETWEEN, AND, OR, RIGHT, LEFT, INNER, JOIN, CROSS, NATURAL, ,, WHERE, GROUP, HAVING, WINDOW, QUALIFY, UNION, EXCEPT, MINUS, INTERSECT, ORDER, OFFSET, FETCH, LIMIT, SAMPLE_SIZE, FOR, [, ::, AT, FORMAT, *, /, %, +, -, ||, ~, !~, NOT, LIKE, ILIKE, REGEXP, IS, IN, BETWEEN, AND, OR, ,, )"; SQL statement:
SELECT COUNTRY2.name, (SELECT SUM(CITY.population)FROM COUNTRY COUNTRY1 INNER JOIN CITY ON CITY.country = COUNTRY1.idWHERE COUNTRY1.id = COUNTRY2.id)FROM COUNTRY COUNTRY2ORDER BY COUNTRY2.name [42001-200] 
]]></system-out>
  </testcase>
  <testcase name="onSaitCompterLesEnregistrements" classname="monprojet.dao.CountryRepositoryTest" time="0.123"/>
</testsuite>